<?xml version="1.0" encoding="UTF-8"?>
<!-- Generated by org.testng.reporters.JUnitReportReporter -->
<testsuite hostname="RAYAN" failures="0" tests="1" name="testRunner.runnerClass" time="11.152" errors="0" timestamp="2023-09-12T16:55:16 EDT" skipped="0">
  <testcase classname="testRunner.runnerClass" name="feature" time="11.152"/>
</testsuite> <!-- testRunner.runnerClass -->
